<?xml version="1.0" encoding="UTF-8"?>
<testng-results skipped="0" failed="0" ignored="0" total="1" passed="1">
  <reporter-output>
  </reporter-output>
  <suite name="netBankingProject" duration-ms="19553" started-at="2021-07-27T19:45:50Z" finished-at="2021-07-27T19:46:10Z">
    <groups>
    </groups>
    <test name="BankingApp Test" duration-ms="19553" started-at="2021-07-27T19:45:50Z" finished-at="2021-07-27T19:46:10Z">
      <class name="com.netBanking.testCases.TC_DeleteCustomer_003">
        <test-method status="PASS" signature="setup(java.lang.String)[pri:0, instance:com.netBanking.testCases.TC_DeleteCustomer_003@2812cbfa]" name="setup" is-config="true" duration-ms="3021" started-at="2021-07-27T19:45:50Z" finished-at="2021-07-27T19:45:53Z">
          <params>
            <param index="0">
              <value>
                <![CDATA[Chrome]]>
              </value>
            </param>
          </params>
          <reporter-output>
          </reporter-output>
        </test-method> <!-- setup -->
        <test-method status="PASS" signature="DeleteCustomer()[pri:0, instance:com.netBanking.testCases.TC_DeleteCustomer_003@2812cbfa]" name="DeleteCustomer" duration-ms="15897" started-at="2021-07-27T19:45:53Z" finished-at="2021-07-27T19:46:09Z">
          <reporter-output>
          </reporter-output>
        </test-method> <!-- DeleteCustomer -->
        <test-method status="PASS" signature="tearDown()[pri:0, instance:com.netBanking.testCases.TC_DeleteCustomer_003@2812cbfa]" name="tearDown" is-config="true" duration-ms="605" started-at="2021-07-27T19:46:09Z" finished-at="2021-07-27T19:46:10Z">
          <reporter-output>
          </reporter-output>
        </test-method> <!-- tearDown -->
      </class> <!-- com.netBanking.testCases.TC_DeleteCustomer_003 -->
    </test> <!-- BankingApp Test -->
  </suite> <!-- netBankingProject -->
</testng-results>
