<?xml version="1.0" encoding="UTF-8"?>
<testng-results skipped="0" failed="0" total="1" passed="1">
  <reporter-output>
  </reporter-output>
  <suite name="netBankingProject" duration-ms="19179" started-at="2021-07-27T16:12:54Z" finished-at="2021-07-27T16:13:13Z">
    <groups>
    </groups>
    <test name="BankingApp Test" duration-ms="19179" started-at="2021-07-27T16:12:54Z" finished-at="2021-07-27T16:13:13Z">
      <class name="com.netBanking.testCases.TC_DeleteCustomer_003">
        <test-method status="PASS" signature="setup(java.lang.String)[pri:0, instance:com.netBanking.testCases.TC_DeleteCustomer_003@53b32d7]" name="setup" is-config="true" duration-ms="2684" started-at="2021-07-27T12:12:54Z" finished-at="2021-07-27T12:12:56Z">
          <params>
            <param index="0">
              <value>
                <![CDATA[Chrome]]>
              </value>
            </param>
          </params>
          <reporter-output>
          </reporter-output>
        </test-method> <!-- setup -->
        <test-method status="PASS" signature="DeleteCustomer()[pri:0, instance:com.netBanking.testCases.TC_DeleteCustomer_003@53b32d7]" name="DeleteCustomer" duration-ms="15845" started-at="2021-07-27T12:12:56Z" finished-at="2021-07-27T12:13:12Z">
          <reporter-output>
          </reporter-output>
        </test-method> <!-- DeleteCustomer -->
        <test-method status="PASS" signature="tearDown()[pri:0, instance:com.netBanking.testCases.TC_DeleteCustomer_003@53b32d7]" name="tearDown" is-config="true" duration-ms="641" started-at="2021-07-27T12:13:12Z" finished-at="2021-07-27T12:13:13Z">
          <reporter-output>
          </reporter-output>
        </test-method> <!-- tearDown -->
      </class> <!-- com.netBanking.testCases.TC_DeleteCustomer_003 -->
    </test> <!-- BankingApp Test -->
  </suite> <!-- netBankingProject -->
</testng-results>
